<?xml version="1.0" encoding="UTF-8"?>
<!-- Generated by org.testng.reporters.JUnitReportReporter -->
<testsuite skipped="0" hostname="MININT-U05URH4" name="TestNG_ShoppingCart" tests="7" failures="0" timestamp="17 Dec 2018 21:44:50 GMT" time="0.029" errors="0">
  <testcase name="LoginTest1" time="0.006" classname="TestNG_ShoppingCart"/>
  <testcase name="LoginTest2" time="0.002" classname="TestNG_ShoppingCart"/>
  <testcase name="SearchTest" time="0.004" classname="TestNG_ShoppingCart"/>
  <testcase name="AddItemTest" time="0.004" classname="TestNG_ShoppingCart"/>
  <testcase name="ModifyItemTest" time="0.002" classname="TestNG_ShoppingCart"/>
  <testcase name="CheckoutTest" time="0.008" classname="TestNG_ShoppingCart"/>
  <testcase name="OrderPlacedTest" time="0.003" classname="TestNG_ShoppingCart"/>
</testsuite> <!-- TestNG_ShoppingCart -->
