<?xml version="1.0" encoding="UTF-8"?>
<!-- Generated by org.testng.reporters.JUnitReportReporter -->
<testsuite skipped="0" hostname="MININT-U05URH4" name="com.training.sdet.testng.TestNGParametersDemo_XMLfile" tests="3" failures="0" timestamp="18 Dec 2018 21:17:22 GMT" time="0.025" errors="0">
  <testcase name="tc_UsePetData" time="0.007" classname="com.training.sdet.testng.TestNGParametersDemo_XMLfile"/>
  <testcase name="tc_UsePetData" time="0.008" classname="com.training.sdet.testng.TestNGParametersDemo_XMLfile"/>
  <testcase name="tc_UsePetData" time="0.010" classname="com.training.sdet.testng.TestNGParametersDemo_XMLfile"/>
</testsuite> <!-- com.training.sdet.testng.TestNGParametersDemo_XMLfile -->
