<?xml version="1.0" encoding="UTF-8"?>
<!-- Generated by org.testng.reporters.JUnitReportReporter -->
<testsuite skipped="0" hostname="MININT-U05URH4" name="com.training.sdet.day1.selenium.webdriver.TestNGEx01" tests="2" failures="0" timestamp="17 Dec 2018 20:54:02 GMT" time="0.014" errors="0">
  <testcase name="f" time="0.009" classname="com.training.sdet.day1.selenium.webdriver.TestNGEx01"/>
  <testcase name="g" time="0.005" classname="com.training.sdet.day1.selenium.webdriver.TestNGEx01"/>
</testsuite> <!-- com.training.sdet.day1.selenium.webdriver.TestNGEx01 -->
