<?xml version="1.0" encoding="UTF-8"?>
<!-- Generated by org.testng.reporters.JUnitReportReporter -->
<testsuite skipped="0" hostname="MININT-U05URH4" name="com.training.sdet.testng.TestNGEx01" tests="2" failures="0" timestamp="20 Dec 2018 21:07:50 GMT" time="0.015" errors="0">
  <testcase name="f" time="0.010" classname="com.training.sdet.testng.TestNGEx01"/>
  <testcase name="g" time="0.005" classname="com.training.sdet.testng.TestNGEx01"/>
</testsuite> <!-- com.training.sdet.testng.TestNGEx01 -->
