<?xml version="1.0" encoding="UTF-8"?>
<!-- Generated by org.testng.reporters.JUnitReportReporter -->
<testsuite skipped="0" hostname="MININT-U05URH4" name="com.training.sdet.testng.DataProvider01" tests="1" failures="0" timestamp="19 Dec 2018 20:15:41 GMT" time="19.065" errors="0">
  <testcase name="tc_shoppingCartTesting" time="19.065" classname="com.training.sdet.testng.DataProvider01"/>
</testsuite> <!-- com.training.sdet.testng.DataProvider01 -->
