<?xml version="1.0" encoding="UTF-8"?>
<!-- Generated by org.testng.reporters.JUnitReportReporter -->
<testsuite skipped="0" hostname="MININT-U05URH4" name="com.training.sdet.day1.selenium.webdriver.TestNG_ShoppingCart" tests="7" failures="0" timestamp="17 Dec 2018 21:46:41 GMT" time="0.021" errors="0">
  <testcase name="LoginTest1" time="0.006" classname="com.training.sdet.day1.selenium.webdriver.TestNG_ShoppingCart"/>
  <testcase name="LoginTest2" time="0.006" classname="com.training.sdet.day1.selenium.webdriver.TestNG_ShoppingCart"/>
  <testcase name="SearchTest" time="0.003" classname="com.training.sdet.day1.selenium.webdriver.TestNG_ShoppingCart"/>
  <testcase name="AddItemTest" time="0.001" classname="com.training.sdet.day1.selenium.webdriver.TestNG_ShoppingCart"/>
  <testcase name="ModifyItemTest" time="0.002" classname="com.training.sdet.day1.selenium.webdriver.TestNG_ShoppingCart"/>
  <testcase name="CheckoutTest" time="0.001" classname="com.training.sdet.day1.selenium.webdriver.TestNG_ShoppingCart"/>
  <testcase name="OrderPlacedTest" time="0.002" classname="com.training.sdet.day1.selenium.webdriver.TestNG_ShoppingCart"/>
</testsuite> <!-- com.training.sdet.day1.selenium.webdriver.TestNG_ShoppingCart -->
