<?xml version="1.0" encoding="UTF-8"?>
<!-- Generated by org.testng.reporters.JUnitReportReporter -->
<testsuite skipped="0" hostname="MININT-U05URH4" name="com.training.sdet.day1.testng.DataProvider01" tests="4" failures="0" timestamp="18 Dec 2018 19:56:56 GMT" time="63.402" errors="0">
  <testcase name="tc_shoppingCartTesting" time="13.847" classname="com.training.sdet.day1.testng.DataProvider01"/>
  <testcase name="tc_shoppingCartTesting" time="18.787" classname="com.training.sdet.day1.testng.DataProvider01"/>
  <testcase name="tc_shoppingCartTesting" time="12.920" classname="com.training.sdet.day1.testng.DataProvider01"/>
  <testcase name="tc_shoppingCartTesting" time="17.848" classname="com.training.sdet.day1.testng.DataProvider01"/>
</testsuite> <!-- com.training.sdet.day1.testng.DataProvider01 -->
