<?xml version="1.0" encoding="UTF-8"?>
<!-- Generated by org.testng.reporters.JUnitReportReporter -->
<testsuite skipped="0" hostname="MININT-U05URH4" name="FMHerndonSMJ.com.FMHerndonSMJ.Tests.testNG_02" tests="1" failures="0" timestamp="19 Dec 2018 17:51:16 GMT" time="6.240" errors="0">
  <testcase name="testText" time="6.240" classname="FMHerndonSMJ.com.FMHerndonSMJ.Tests.testNG_02"/>
</testsuite> <!-- FMHerndonSMJ.com.FMHerndonSMJ.Tests.testNG_02 -->
