<?xml version="1.0" encoding="UTF-8"?>
<!-- Generated by org.testng.reporters.JUnitReportReporter -->
<testsuite skipped="0" hostname="MININT-U05URH4" name="FMHerndonSMJ.com.FMHerndonSMJ.Tests.testNG_01" tests="1" failures="0" timestamp="19 Dec 2018 17:51:16 GMT" time="6.939" errors="0">
  <testcase name="testVerifyHomePage" time="6.939" classname="FMHerndonSMJ.com.FMHerndonSMJ.Tests.testNG_01"/>
</testsuite> <!-- FMHerndonSMJ.com.FMHerndonSMJ.Tests.testNG_01 -->
