<?xml version="1.0" encoding="UTF-8"?>
<!-- Generated by org.testng.reporters.JUnitReportReporter -->
<testsuite skipped="0" hostname="MININT-U05URH4" name="FMHerndonSMJ.com.FMHerndonSMJ.Tests.DDT_DB" tests="1" failures="0" timestamp="21 Dec 2018 02:14:04 GMT" time="1.127" errors="0">
  <testcase name="tc_Login" time="1.127" classname="FMHerndonSMJ.com.FMHerndonSMJ.Tests.DDT_DB"/>
</testsuite> <!-- FMHerndonSMJ.com.FMHerndonSMJ.Tests.DDT_DB -->
