<?xml version="1.0" encoding="UTF-8"?>
<!-- Generated by org.testng.reporters.JUnitReportReporter -->
<testsuite skipped="0" hostname="MININT-U05URH4" name="com.training.sdet.cucumber.CucumberDemo.TestRunner" tests="1" failures="0" timestamp="21 Dec 2018 17:46:09 GMT" time="21.580" errors="0">
  <testcase name="feature" time="21.580" classname="com.training.sdet.cucumber.CucumberDemo.TestRunner"/>
</testsuite> <!-- com.training.sdet.cucumber.CucumberDemo.TestRunner -->
