<?xml version="1.0" encoding="UTF-8"?>
<!-- Generated by org.testng.reporters.JUnitReportReporter -->
<testsuite skipped="0" hostname="MININT-U05URH4" name="POM_FNMAHerndonSMJ.com.fnm.pageobjectmodel.DriverScript" tests="1" failures="0" timestamp="19 Dec 2018 22:00:31 GMT" time="5.773" errors="0">
  <testcase name="tc_End2EndShoppingCartTest" time="5.773" classname="POM_FNMAHerndonSMJ.com.fnm.pageobjectmodel.DriverScript"/>
</testsuite> <!-- POM_FNMAHerndonSMJ.com.fnm.pageobjectmodel.DriverScript -->
